<?xml version="1.0" encoding="UTF-8"?>
<!-- Generated by org.testng.reporters.JUnitReportReporter -->
<testsuite hostname="DESKTOP-L27MR28" failures="0" tests="1" name="com.hrms.testscripts.tc002" time="17.905" errors="0" timestamp="3 Aug 2022 06:46:05 GMT">
  <testcase classname="com.hrms.testscripts.tc002" name="TC002" time="17.905"/>
</testsuite> <!-- com.hrms.testscripts.tc002 -->
