<?xml version="1.0" encoding="UTF-8"?>
<!-- Generated by org.testng.reporters.JUnitReportReporter -->
<testsuite hostname="DESKTOP-L27MR28" failures="0" tests="1" name="com.hrms.testscripts.tc001" time="12.974" errors="0" timestamp="3 Aug 2022 06:57:11 GMT">
  <testcase classname="com.hrms.testscripts.tc001" name="TC001" time="12.974"/>
</testsuite> <!-- com.hrms.testscripts.tc001 -->
